<?xml version="1.0" encoding="UTF-8"?>
<!-- Generated by org.testng.reporters.JUnitXMLReporter -->
<testsuite hostname="DESKTOP-TQII0PK" ignored="0" name="Login Page Test" tests="2" failures="1" timestamp="24 Dec 2020 03:15:23 GMT" time="15.529" errors="0">
  <testcase name="@BeforeTest setup" time="15.273" classname="com.qa.hubspot.basepage.baseTest">
    <failure type="org.openqa.selenium.SessionNotCreatedException" message="session not created
from chrome not reachable
  (Session info: chrome=87.0.4280.88)
Build info: version: &amp;apos;3.141.59&amp;apos;, revision: &amp;apos;e82be7d358&amp;apos;, time: &amp;apos;2018-11-14T08:17:03&amp;apos;
System info: host: &amp;apos;DESKTOP-TQII0PK&amp;apos;, ip: &amp;apos;192.168.1.8&amp;apos;, os.name: &amp;apos;Windows 10&amp;apos;, os.arch: &amp;apos;amd64&amp;apos;, os.version: &amp;apos;10.0&amp;apos;, java.version: &amp;apos;1.8.0_231&amp;apos;
Driver info: driver.version: ChromeDriver
remote stacktrace: Backtrace:
	Ordinal0 [0x0111C0C3+3326147]
	Ordinal0 [0x01000851+2164817]
	Ordinal0 [0x00E87140+618816]
	Ordinal0 [0x00E7D404+578564]
	Ordinal0 [0x00E7DACB+580299]
	Ordinal0 [0x00E7ED35+585013]
	Ordinal0 [0x00E79D61+564577]
	Ordinal0 [0x00E882C0+623296]
	Ordinal0 [0x00E26BDD+224221]
	Ordinal0 [0x00E25CAC+220332]
	Ordinal0 [0x00E2189B+202907]
	Ordinal0 [0x00E03DF4+81396]
	Ordinal0 [0x00E04DEE+85486]
	Ordinal0 [0x00E04D79+85369]
	Ordinal0 [0x010185DC+2262492]
	GetHandleVerifier [0x012A2874+1487204]
	GetHandleVerifier [0x012A23CD+1486013]
	GetHandleVerifier [0x012AA368+1518680]
	GetHandleVerifier [0x012A2F4E+1488958]
	Ordinal0 [0x0100ED0D+2223373]
	Ordinal0 [0x0101A12B+2269483]
	Ordinal0 [0x0101A26F+2269807]
	Ordinal0 [0x0102ECB8+2354360]
	BaseThreadInitThunk [0x7610FA29+25]
	RtlGetAppContainerNamedObjectPath [0x777075F4+228]
	RtlGetAppContainerNamedObjectPath [0x777075C4+180]
">
      <![CDATA[org.openqa.selenium.SessionNotCreatedException: session not created
from chrome not reachable
  (Session info: chrome=87.0.4280.88)
Build info: version: '3.141.59', revision: 'e82be7d358', time: '2018-11-14T08:17:03'
System info: host: 'DESKTOP-TQII0PK', ip: '192.168.1.8', os.name: 'Windows 10', os.arch: 'amd64', os.version: '10.0', java.version: '1.8.0_231'
Driver info: driver.version: ChromeDriver
remote stacktrace: Backtrace:
Ordinal0 [0x0111C0C3+3326147]
Ordinal0 [0x01000851+2164817]
Ordinal0 [0x00E87140+618816]
Ordinal0 [0x00E7D404+578564]
Ordinal0 [0x00E7DACB+580299]
Ordinal0 [0x00E7ED35+585013]
Ordinal0 [0x00E79D61+564577]
Ordinal0 [0x00E882C0+623296]
Ordinal0 [0x00E26BDD+224221]
Ordinal0 [0x00E25CAC+220332]
Ordinal0 [0x00E2189B+202907]
Ordinal0 [0x00E03DF4+81396]
Ordinal0 [0x00E04DEE+85486]
Ordinal0 [0x00E04D79+85369]
Ordinal0 [0x010185DC+2262492]
GetHandleVerifier [0x012A2874+1487204]
GetHandleVerifier [0x012A23CD+1486013]
GetHandleVerifier [0x012AA368+1518680]
GetHandleVerifier [0x012A2F4E+1488958]
Ordinal0 [0x0100ED0D+2223373]
Ordinal0 [0x0101A12B+2269483]
Ordinal0 [0x0101A26F+2269807]
Ordinal0 [0x0102ECB8+2354360]
BaseThreadInitThunk [0x7610FA29+25]
RtlGetAppContainerNamedObjectPath [0x777075F4+228]
RtlGetAppContainerNamedObjectPath [0x777075C4+180]

at org.openqa.selenium.remote.W3CHandshakeResponse.lambda$errorHandler$0(W3CHandshakeResponse.java:62)
at org.openqa.selenium.remote.HandshakeResponse.lambda$getResponseFunction$0(HandshakeResponse.java:30)
at org.openqa.selenium.remote.ProtocolHandshake.lambda$createSession$0(ProtocolHandshake.java:126)
at java.util.stream.ReferencePipeline$3$1.accept(ReferencePipeline.java:193)
at java.util.Spliterators$ArraySpliterator.tryAdvance(Spliterators.java:958)
at java.util.stream.ReferencePipeline.forEachWithCancel(ReferencePipeline.java:126)
at java.util.stream.AbstractPipeline.copyIntoWithCancel(AbstractPipeline.java:499)
at java.util.stream.AbstractPipeline.copyInto(AbstractPipeline.java:486)
at java.util.stream.AbstractPipeline.wrapAndCopyInto(AbstractPipeline.java:472)
at java.util.stream.FindOps$FindOp.evaluateSequential(FindOps.java:152)
at java.util.stream.AbstractPipeline.evaluate(AbstractPipeline.java:234)
at java.util.stream.ReferencePipeline.findFirst(ReferencePipeline.java:464)
at org.openqa.selenium.remote.ProtocolHandshake.createSession(ProtocolHandshake.java:128)
at org.openqa.selenium.remote.ProtocolHandshake.createSession(ProtocolHandshake.java:74)
at org.openqa.selenium.remote.HttpCommandExecutor.execute(HttpCommandExecutor.java:136)
at org.openqa.selenium.remote.service.DriverCommandExecutor.execute(DriverCommandExecutor.java:83)
at org.openqa.selenium.remote.RemoteWebDriver.execute(RemoteWebDriver.java:552)
at org.openqa.selenium.remote.RemoteWebDriver.startSession(RemoteWebDriver.java:213)
at org.openqa.selenium.remote.RemoteWebDriver.<init>(RemoteWebDriver.java:131)
at org.openqa.selenium.chrome.ChromeDriver.<init>(ChromeDriver.java:181)
at org.openqa.selenium.chrome.ChromeDriver.<init>(ChromeDriver.java:168)
at org.openqa.selenium.chrome.ChromeDriver.<init>(ChromeDriver.java:123)
at com.qa.hubspot.basepage.basePage.init_browserName(basePage.java:45)
at com.qa.hubspot.basepage.baseTest.setup(baseTest.java:24)
... Removed 31 stack frames]]>
    </failure>
  </testcase> <!-- @BeforeTest setup -->
  <testcase name="@AfterTest teardown" time="0.0" classname="com.qa.hubspot.basepage.baseTest">
    <skipped/>
  </testcase> <!-- @AfterTest teardown -->
  <testcase name="gettitle" time="0.0" classname="com.qa.hubspot.tests.loginPageTest">
    <skipped/>
  </testcase> <!-- gettitle -->
  <testcase name="gettitle" time="0.025" classname="com.qa.hubspot.tests.loginPageTest">
    <failure type="java.lang.NullPointerException">
      <![CDATA[java.lang.NullPointerException
at com.qa.hubspot.basepage.basePage.getScreenshot(basePage.java:109)
at com.qa.hubspot.listeners.ExtentReportListener.onTestSkipped(ExtentReportListener.java:110)
... Removed 26 stack frames]]>
    </failure>
  </testcase> <!-- gettitle -->
</testsuite> <!-- Login Page Test -->
