<?xml version="1.0" encoding="UTF-8"?>
<testng-results skipped="0" failed="2" ignored="0" total="10" passed="8">
  <reporter-output>
  </reporter-output>
  <suite name="Free CRM dummy framework" duration-ms="140907" started-at="2020-12-24T02:01:24Z" finished-at="2020-12-24T02:03:45Z">
    <groups>
    </groups>
    <test name="Login Page Test" duration-ms="14354" started-at="2020-12-24T02:01:24Z" finished-at="2020-12-24T02:01:38Z">
      <class name="com.qa.hubspot.tests.loginPageTest">
        <test-method status="PASS" signature="setup()[pri:0, instance:com.qa.hubspot.tests.loginPageTest@64138b0c]" name="setup" is-config="true" duration-ms="9084" started-at="2020-12-24T02:01:24Z" finished-at="2020-12-24T02:01:33Z">
          <reporter-output>
          </reporter-output>
        </test-method> <!-- setup -->
        <test-method status="PASS" signature="gettitle()[pri:1, instance:com.qa.hubspot.tests.loginPageTest@64138b0c]" name="gettitle" duration-ms="85" started-at="2020-12-24T02:01:33Z" finished-at="2020-12-24T02:01:33Z">
          <reporter-output>
          </reporter-output>
        </test-method> <!-- gettitle -->
        <test-method status="PASS" signature="checksignuplink()[pri:2, instance:com.qa.hubspot.tests.loginPageTest@64138b0c]" name="checksignuplink" duration-ms="2" started-at="2020-12-24T02:01:33Z" finished-at="2020-12-24T02:01:33Z">
          <reporter-output>
          </reporter-output>
        </test-method> <!-- checksignuplink -->
        <test-method status="PASS" signature="loginpagetest()[pri:3, instance:com.qa.hubspot.tests.loginPageTest@64138b0c]" name="loginpagetest" duration-ms="4299" started-at="2020-12-24T02:01:33Z" finished-at="2020-12-24T02:01:37Z">
          <reporter-output>
          </reporter-output>
        </test-method> <!-- loginpagetest -->
        <test-method status="PASS" signature="teardown()[pri:0, instance:com.qa.hubspot.tests.loginPageTest@64138b0c]" name="teardown" is-config="true" duration-ms="698" started-at="2020-12-24T02:01:37Z" finished-at="2020-12-24T02:01:38Z">
          <reporter-output>
          </reporter-output>
        </test-method> <!-- teardown -->
      </class> <!-- com.qa.hubspot.tests.loginPageTest -->
    </test> <!-- Login Page Test -->
    <test name="Home Page Test" duration-ms="32032" started-at="2020-12-24T02:01:38Z" finished-at="2020-12-24T02:02:10Z">
      <class name="com.qa.hubspot.tests.homePageTest">
        <test-method status="PASS" signature="setup()[pri:0, instance:com.qa.hubspot.tests.homePageTest@51e0301d]" name="setup" is-config="true" duration-ms="7457" started-at="2020-12-24T02:01:38Z" finished-at="2020-12-24T02:01:46Z">
          <reporter-output>
          </reporter-output>
        </test-method> <!-- setup -->
        <test-method status="PASS" signature="homeSetup()[pri:0, instance:com.qa.hubspot.tests.homePageTest@51e0301d]" name="homeSetup" is-config="true" duration-ms="330" started-at="2020-12-24T02:01:46Z" finished-at="2020-12-24T02:01:46Z">
          <reporter-output>
          </reporter-output>
        </test-method> <!-- homeSetup -->
        <test-method status="PASS" signature="gotocontact()[pri:0, instance:com.qa.hubspot.tests.homePageTest@51e0301d]" name="gotocontact" duration-ms="7418" started-at="2020-12-24T02:01:46Z" finished-at="2020-12-24T02:01:54Z">
          <reporter-output>
          </reporter-output>
        </test-method> <!-- gotocontact -->
        <test-method status="PASS" signature="verifyHomePageusername()[pri:0, instance:com.qa.hubspot.tests.homePageTest@51e0301d]" name="verifyHomePageusername" duration-ms="8053" started-at="2020-12-24T02:01:54Z" finished-at="2020-12-24T02:02:02Z">
          <reporter-output>
          </reporter-output>
        </test-method> <!-- verifyHomePageusername -->
        <test-method status="PASS" signature="verifyheaderTitle()[pri:0, instance:com.qa.hubspot.tests.homePageTest@51e0301d]" name="verifyheaderTitle" duration-ms="8065" started-at="2020-12-24T02:02:02Z" finished-at="2020-12-24T02:02:10Z">
          <reporter-output>
          </reporter-output>
        </test-method> <!-- verifyheaderTitle -->
        <test-method status="PASS" signature="teardown()[pri:0, instance:com.qa.hubspot.tests.homePageTest@51e0301d]" name="teardown" is-config="true" duration-ms="700" started-at="2020-12-24T02:02:10Z" finished-at="2020-12-24T02:02:10Z">
          <reporter-output>
          </reporter-output>
        </test-method> <!-- teardown -->
      </class> <!-- com.qa.hubspot.tests.homePageTest -->
    </test> <!-- Home Page Test -->
    <test name="Contact Page Test" duration-ms="94078" started-at="2020-12-24T02:02:10Z" finished-at="2020-12-24T02:03:45Z">
      <class name="com.qa.hubspot.tests.contactsPageTest">
        <test-method status="PASS" signature="setup()[pri:0, instance:com.qa.hubspot.tests.contactsPageTest@6bd16207]" name="setup" is-config="true" duration-ms="8370" started-at="2020-12-24T02:02:10Z" finished-at="2020-12-24T02:02:19Z">
          <reporter-output>
          </reporter-output>
        </test-method> <!-- setup -->
        <test-method status="PASS" signature="homeSetup()[pri:0, instance:com.qa.hubspot.tests.contactsPageTest@6bd16207]" name="homeSetup" is-config="true" duration-ms="2903" started-at="2020-12-24T02:02:19Z" finished-at="2020-12-24T02:02:22Z">
          <reporter-output>
          </reporter-output>
        </test-method> <!-- homeSetup -->
        <test-method status="PASS" signature="createnewcontact(java.lang.String, java.lang.String, java.lang.String, java.lang.String, java.lang.String, java.lang.String, java.lang.String)[pri:0, instance:com.qa.hubspot.tests.contactsPageTest@6bd16207]" name="createnewcontact" duration-ms="13379" started-at="2020-12-24T02:02:23Z" data-provider="createnewcontacttestdata" finished-at="2020-12-24T02:02:36Z">
          <params>
            <param index="0">
              <value>
                <![CDATA[anu]]>
              </value>
            </param>
            <param index="1">
              <value>
                <![CDATA[mary]]>
              </value>
            </param>
            <param index="2">
              <value>
                <![CDATA[john]]>
              </value>
            </param>
            <param index="3">
              <value>
                <![CDATA[tcs]]>
              </value>
            </param>
            <param index="4">
              <value>
                <![CDATA[automation]]>
              </value>
            </param>
            <param index="5">
              <value>
                <![CDATA[QET]]>
              </value>
            </param>
            <param index="6">
              <value>
                <![CDATA[good resource]]>
              </value>
            </param>
          </params>
          <reporter-output>
          </reporter-output>
        </test-method> <!-- createnewcontact -->
        <test-method status="PASS" signature="createnewcontact(java.lang.String, java.lang.String, java.lang.String, java.lang.String, java.lang.String, java.lang.String, java.lang.String)[pri:0, instance:com.qa.hubspot.tests.contactsPageTest@6bd16207]" name="createnewcontact" duration-ms="12898" started-at="2020-12-24T02:02:36Z" data-provider="createnewcontacttestdata" finished-at="2020-12-24T02:02:49Z">
          <params>
            <param index="0">
              <value>
                <![CDATA[amalu]]>
              </value>
            </param>
            <param index="1">
              <value>
                <![CDATA[]]>
              </value>
            </param>
            <param index="2">
              <value>
                <![CDATA[jose]]>
              </value>
            </param>
            <param index="3">
              <value>
                <![CDATA[tcs]]>
              </value>
            </param>
            <param index="4">
              <value>
                <![CDATA[developer]]>
              </value>
            </param>
            <param index="5">
              <value>
                <![CDATA[LT]]>
              </value>
            </param>
            <param index="6">
              <value>
                <![CDATA[good resource]]>
              </value>
            </param>
          </params>
          <reporter-output>
          </reporter-output>
        </test-method> <!-- createnewcontact -->
        <test-method status="FAIL" signature="createnewcontact(java.lang.String, java.lang.String, java.lang.String, java.lang.String, java.lang.String, java.lang.String, java.lang.String)[pri:0, instance:com.qa.hubspot.tests.contactsPageTest@6bd16207]" name="createnewcontact" duration-ms="33036" started-at="2020-12-24T02:02:49Z" data-provider="createnewcontacttestdata" finished-at="2020-12-24T02:03:22Z">
          <params>
            <param index="0">
              <value>
                <![CDATA[renji]]>
              </value>
            </param>
            <param index="1">
              <value>
                <![CDATA[]]>
              </value>
            </param>
            <param index="2">
              <value>
                <![CDATA[john]]>
              </value>
            </param>
            <param index="3">
              <value>
                <![CDATA[cma cgm]]>
              </value>
            </param>
            <param index="4">
              <value>
                <![CDATA[engineer]]>
              </value>
            </param>
            <param index="5">
              <value>
                <![CDATA[jinm]]>
              </value>
            </param>
            <param index="6">
              <value>
                <![CDATA[good resource]]>
              </value>
            </param>
          </params>
          <exception class="org.openqa.selenium.ElementNotInteractableException">
            <message>
              <![CDATA[element not interactable
  (Session info: chrome=87.0.4280.88)
Build info: version: '3.141.59', revision: 'e82be7d358', time: '2018-11-14T08:17:03'
System info: host: 'DESKTOP-TQII0PK', ip: '192.168.1.8', os.name: 'Windows 10', os.arch: 'amd64', os.version: '10.0', java.version: '1.8.0_231'
Driver info: org.openqa.selenium.chrome.ChromeDriver
Capabilities {acceptInsecureCerts: false, browserName: chrome, browserVersion: 87.0.4280.88, chrome: {chromedriverVersion: 87.0.4280.88 (89e2380a3e36c..., userDataDir: C:\Users\anujo\AppData\Loca...}, goog:chromeOptions: {debuggerAddress: localhost:59071}, javascriptEnabled: true, networkConnectionEnabled: false, pageLoadStrategy: normal, platform: WINDOWS, platformName: WINDOWS, proxy: Proxy(), setWindowRect: true, strictFileInteractability: false, timeouts: {implicit: 0, pageLoad: 300000, script: 30000}, unhandledPromptBehavior: dismiss and notify, webauthn:virtualAuthenticators: true}
Session ID: 4cd287eabf8dc498f89692a26f440ea1]]>
            </message>
            <full-stacktrace>
              <![CDATA[org.openqa.selenium.ElementNotInteractableException: element not interactable
  (Session info: chrome=87.0.4280.88)
Build info: version: '3.141.59', revision: 'e82be7d358', time: '2018-11-14T08:17:03'
System info: host: 'DESKTOP-TQII0PK', ip: '192.168.1.8', os.name: 'Windows 10', os.arch: 'amd64', os.version: '10.0', java.version: '1.8.0_231'
Driver info: org.openqa.selenium.chrome.ChromeDriver
Capabilities {acceptInsecureCerts: false, browserName: chrome, browserVersion: 87.0.4280.88, chrome: {chromedriverVersion: 87.0.4280.88 (89e2380a3e36c..., userDataDir: C:\Users\anujo\AppData\Loca...}, goog:chromeOptions: {debuggerAddress: localhost:59071}, javascriptEnabled: true, networkConnectionEnabled: false, pageLoadStrategy: normal, platform: WINDOWS, platformName: WINDOWS, proxy: Proxy(), setWindowRect: true, strictFileInteractability: false, timeouts: {implicit: 0, pageLoad: 300000, script: 30000}, unhandledPromptBehavior: dismiss and notify, webauthn:virtualAuthenticators: true}
Session ID: 4cd287eabf8dc498f89692a26f440ea1
at sun.reflect.NativeConstructorAccessorImpl.newInstance0(Native Method)
at sun.reflect.NativeConstructorAccessorImpl.newInstance(NativeConstructorAccessorImpl.java:62)
at sun.reflect.DelegatingConstructorAccessorImpl.newInstance(DelegatingConstructorAccessorImpl.java:45)
at java.lang.reflect.Constructor.newInstance(Constructor.java:423)
at org.openqa.selenium.remote.http.W3CHttpResponseCodec.createException(W3CHttpResponseCodec.java:187)
at org.openqa.selenium.remote.http.W3CHttpResponseCodec.decode(W3CHttpResponseCodec.java:122)
at org.openqa.selenium.remote.http.W3CHttpResponseCodec.decode(W3CHttpResponseCodec.java:49)
at org.openqa.selenium.remote.HttpCommandExecutor.execute(HttpCommandExecutor.java:158)
at org.openqa.selenium.remote.service.DriverCommandExecutor.execute(DriverCommandExecutor.java:83)
at org.openqa.selenium.remote.RemoteWebDriver.execute(RemoteWebDriver.java:552)
at org.openqa.selenium.remote.RemoteWebElement.execute(RemoteWebElement.java:285)
at org.openqa.selenium.remote.RemoteWebElement.click(RemoteWebElement.java:84)
at com.qa.hubspot.pages.homePage.gotocontacts(homePage.java:41)
at com.qa.hubspot.tests.contactsPageTest.createnewcontact(contactsPageTest.java:41)
at sun.reflect.NativeMethodAccessorImpl.invoke0(Native Method)
at sun.reflect.NativeMethodAccessorImpl.invoke(NativeMethodAccessorImpl.java:62)
at sun.reflect.DelegatingMethodAccessorImpl.invoke(DelegatingMethodAccessorImpl.java:43)
at java.lang.reflect.Method.invoke(Method.java:498)
at org.testng.internal.MethodInvocationHelper.invokeMethod(MethodInvocationHelper.java:124)
at org.testng.internal.Invoker.invokeMethod(Invoker.java:583)
at org.testng.internal.Invoker.invokeTestMethod(Invoker.java:719)
at org.testng.internal.Invoker.invokeTestMethods(Invoker.java:989)
at org.testng.internal.TestMethodWorker.invokeTestMethods(TestMethodWorker.java:125)
at org.testng.internal.TestMethodWorker.run(TestMethodWorker.java:109)
at org.testng.TestRunner.privateRun(TestRunner.java:648)
at org.testng.TestRunner.run(TestRunner.java:505)
at org.testng.SuiteRunner.runTest(SuiteRunner.java:455)
at org.testng.SuiteRunner.runSequentially(SuiteRunner.java:450)
at org.testng.SuiteRunner.privateRun(SuiteRunner.java:415)
at org.testng.SuiteRunner.run(SuiteRunner.java:364)
at org.testng.SuiteRunnerWorker.runSuite(SuiteRunnerWorker.java:52)
at org.testng.SuiteRunnerWorker.run(SuiteRunnerWorker.java:84)
at org.testng.TestNG.runSuitesSequentially(TestNG.java:1208)
at org.testng.TestNG.runSuitesLocally(TestNG.java:1137)
at org.testng.TestNG.runSuites(TestNG.java:1049)
at org.testng.TestNG.run(TestNG.java:1017)
at org.apache.maven.surefire.testng.TestNGExecutor.run(TestNGExecutor.java:283)
at org.apache.maven.surefire.testng.TestNGXmlTestSuite.execute(TestNGXmlTestSuite.java:75)
at org.apache.maven.surefire.testng.TestNGProvider.invoke(TestNGProvider.java:120)
at org.apache.maven.surefire.booter.ForkedBooter.invokeProviderInSameClassLoader(ForkedBooter.java:386)
at org.apache.maven.surefire.booter.ForkedBooter.runSuitesInProcess(ForkedBooter.java:323)
at org.apache.maven.surefire.booter.ForkedBooter.main(ForkedBooter.java:143)
]]>
            </full-stacktrace>
          </exception> <!-- org.openqa.selenium.ElementNotInteractableException -->
          <reporter-output>
          </reporter-output>
        </test-method> <!-- createnewcontact -->
        <test-method status="FAIL" signature="createnewcontact(java.lang.String, java.lang.String, java.lang.String, java.lang.String, java.lang.String, java.lang.String, java.lang.String)[pri:0, instance:com.qa.hubspot.tests.contactsPageTest@6bd16207]" name="createnewcontact" duration-ms="20077" started-at="2020-12-24T02:03:23Z" data-provider="createnewcontacttestdata" finished-at="2020-12-24T02:03:43Z">
          <params>
            <param index="0">
              <value>
                <![CDATA[jobin ]]>
              </value>
            </param>
            <param index="1">
              <value>
                <![CDATA[]]>
              </value>
            </param>
            <param index="2">
              <value>
                <![CDATA[kuriakose]]>
              </value>
            </param>
            <param index="3">
              <value>
                <![CDATA[hykh]]>
              </value>
            </param>
            <param index="4">
              <value>
                <![CDATA[devops]]>
              </value>
            </param>
            <param index="5">
              <value>
                <![CDATA[joj]]>
              </value>
            </param>
            <param index="6">
              <value>
                <![CDATA[good resource]]>
              </value>
            </param>
          </params>
          <exception class="org.openqa.selenium.NoSuchElementException">
            <message>
              <![CDATA[no such element: Unable to locate element: {"method":"xpath","selector":"//div/input[@name ='first_name']"}
  (Session info: chrome=87.0.4280.88)
For documentation on this error, please visit: https://www.seleniumhq.org/exceptions/no_such_element.html
Build info: version: '3.141.59', revision: 'e82be7d358', time: '2018-11-14T08:17:03'
System info: host: 'DESKTOP-TQII0PK', ip: '192.168.1.8', os.name: 'Windows 10', os.arch: 'amd64', os.version: '10.0', java.version: '1.8.0_231'
Driver info: org.openqa.selenium.chrome.ChromeDriver
Capabilities {acceptInsecureCerts: false, browserName: chrome, browserVersion: 87.0.4280.88, chrome: {chromedriverVersion: 87.0.4280.88 (89e2380a3e36c..., userDataDir: C:\Users\anujo\AppData\Loca...}, goog:chromeOptions: {debuggerAddress: localhost:59071}, javascriptEnabled: true, networkConnectionEnabled: false, pageLoadStrategy: normal, platform: WINDOWS, platformName: WINDOWS, proxy: Proxy(), setWindowRect: true, strictFileInteractability: false, timeouts: {implicit: 0, pageLoad: 300000, script: 30000}, unhandledPromptBehavior: dismiss and notify, webauthn:virtualAuthenticators: true}
Session ID: 4cd287eabf8dc498f89692a26f440ea1
*** Element info: {Using=xpath, value=//div/input[@name ='first_name']}]]>
            </message>
            <full-stacktrace>
              <![CDATA[org.openqa.selenium.NoSuchElementException: no such element: Unable to locate element: {"method":"xpath","selector":"//div/input[@name ='first_name']"}
  (Session info: chrome=87.0.4280.88)
For documentation on this error, please visit: https://www.seleniumhq.org/exceptions/no_such_element.html
Build info: version: '3.141.59', revision: 'e82be7d358', time: '2018-11-14T08:17:03'
System info: host: 'DESKTOP-TQII0PK', ip: '192.168.1.8', os.name: 'Windows 10', os.arch: 'amd64', os.version: '10.0', java.version: '1.8.0_231'
Driver info: org.openqa.selenium.chrome.ChromeDriver
Capabilities {acceptInsecureCerts: false, browserName: chrome, browserVersion: 87.0.4280.88, chrome: {chromedriverVersion: 87.0.4280.88 (89e2380a3e36c..., userDataDir: C:\Users\anujo\AppData\Loca...}, goog:chromeOptions: {debuggerAddress: localhost:59071}, javascriptEnabled: true, networkConnectionEnabled: false, pageLoadStrategy: normal, platform: WINDOWS, platformName: WINDOWS, proxy: Proxy(), setWindowRect: true, strictFileInteractability: false, timeouts: {implicit: 0, pageLoad: 300000, script: 30000}, unhandledPromptBehavior: dismiss and notify, webauthn:virtualAuthenticators: true}
Session ID: 4cd287eabf8dc498f89692a26f440ea1
*** Element info: {Using=xpath, value=//div/input[@name ='first_name']}
at sun.reflect.NativeConstructorAccessorImpl.newInstance0(Native Method)
at sun.reflect.NativeConstructorAccessorImpl.newInstance(NativeConstructorAccessorImpl.java:62)
at sun.reflect.DelegatingConstructorAccessorImpl.newInstance(DelegatingConstructorAccessorImpl.java:45)
at java.lang.reflect.Constructor.newInstance(Constructor.java:423)
at org.openqa.selenium.remote.http.W3CHttpResponseCodec.createException(W3CHttpResponseCodec.java:187)
at org.openqa.selenium.remote.http.W3CHttpResponseCodec.decode(W3CHttpResponseCodec.java:122)
at org.openqa.selenium.remote.http.W3CHttpResponseCodec.decode(W3CHttpResponseCodec.java:49)
at org.openqa.selenium.remote.HttpCommandExecutor.execute(HttpCommandExecutor.java:158)
at org.openqa.selenium.remote.service.DriverCommandExecutor.execute(DriverCommandExecutor.java:83)
at org.openqa.selenium.remote.RemoteWebDriver.execute(RemoteWebDriver.java:552)
at org.openqa.selenium.remote.RemoteWebDriver.findElement(RemoteWebDriver.java:323)
at org.openqa.selenium.remote.RemoteWebDriver.findElementByXPath(RemoteWebDriver.java:428)
at org.openqa.selenium.By$ByXPath.findElement(By.java:353)
at org.openqa.selenium.remote.RemoteWebDriver.findElement(RemoteWebDriver.java:315)
at com.qa.hubspot.pages.contactsPages.createnewcontact(contactsPages.java:39)
at com.qa.hubspot.tests.contactsPageTest.createnewcontact(contactsPageTest.java:39)
at sun.reflect.NativeMethodAccessorImpl.invoke0(Native Method)
at sun.reflect.NativeMethodAccessorImpl.invoke(NativeMethodAccessorImpl.java:62)
at sun.reflect.DelegatingMethodAccessorImpl.invoke(DelegatingMethodAccessorImpl.java:43)
at java.lang.reflect.Method.invoke(Method.java:498)
at org.testng.internal.MethodInvocationHelper.invokeMethod(MethodInvocationHelper.java:124)
at org.testng.internal.Invoker.invokeMethod(Invoker.java:583)
at org.testng.internal.Invoker.invokeTestMethod(Invoker.java:719)
at org.testng.internal.Invoker.invokeTestMethods(Invoker.java:989)
at org.testng.internal.TestMethodWorker.invokeTestMethods(TestMethodWorker.java:125)
at org.testng.internal.TestMethodWorker.run(TestMethodWorker.java:109)
at org.testng.TestRunner.privateRun(TestRunner.java:648)
at org.testng.TestRunner.run(TestRunner.java:505)
at org.testng.SuiteRunner.runTest(SuiteRunner.java:455)
at org.testng.SuiteRunner.runSequentially(SuiteRunner.java:450)
at org.testng.SuiteRunner.privateRun(SuiteRunner.java:415)
at org.testng.SuiteRunner.run(SuiteRunner.java:364)
at org.testng.SuiteRunnerWorker.runSuite(SuiteRunnerWorker.java:52)
at org.testng.SuiteRunnerWorker.run(SuiteRunnerWorker.java:84)
at org.testng.TestNG.runSuitesSequentially(TestNG.java:1208)
at org.testng.TestNG.runSuitesLocally(TestNG.java:1137)
at org.testng.TestNG.runSuites(TestNG.java:1049)
at org.testng.TestNG.run(TestNG.java:1017)
at org.apache.maven.surefire.testng.TestNGExecutor.run(TestNGExecutor.java:283)
at org.apache.maven.surefire.testng.TestNGXmlTestSuite.execute(TestNGXmlTestSuite.java:75)
at org.apache.maven.surefire.testng.TestNGProvider.invoke(TestNGProvider.java:120)
at org.apache.maven.surefire.booter.ForkedBooter.invokeProviderInSameClassLoader(ForkedBooter.java:386)
at org.apache.maven.surefire.booter.ForkedBooter.runSuitesInProcess(ForkedBooter.java:323)
at org.apache.maven.surefire.booter.ForkedBooter.main(ForkedBooter.java:143)
]]>
            </full-stacktrace>
          </exception> <!-- org.openqa.selenium.NoSuchElementException -->
          <reporter-output>
          </reporter-output>
        </test-method> <!-- createnewcontact -->
        <test-method status="PASS" signature="teardown()[pri:0, instance:com.qa.hubspot.tests.contactsPageTest@6bd16207]" name="teardown" is-config="true" duration-ms="716" started-at="2020-12-24T02:03:44Z" finished-at="2020-12-24T02:03:45Z">
          <reporter-output>
          </reporter-output>
        </test-method> <!-- teardown -->
      </class> <!-- com.qa.hubspot.tests.contactsPageTest -->
    </test> <!-- Contact Page Test -->
  </suite> <!-- Free CRM dummy framework -->
</testng-results>
