<?xml version="1.0" encoding="UTF-8"?>
<testng-results skipped="0" failed="1" ignored="0" total="3" passed="2">
  <reporter-output>
  </reporter-output>
  <suite name="Free CRM dummy framework" duration-ms="23509" started-at="2020-12-20T07:01:32 IST" finished-at="2020-12-20T07:01:55 IST">
    <groups>
    </groups>
    <test name="Login Page Test" duration-ms="23509" started-at="2020-12-20T07:01:32 IST" finished-at="2020-12-20T07:01:55 IST">
      <class name="com.qa.hubspot.tests.loginPageTest">
        <test-method status="PASS" signature="setup()[pri:0, instance:com.qa.hubspot.tests.loginPageTest@654c1a54]" name="setup" is-config="true" duration-ms="15817" started-at="2020-12-20T07:01:33 IST" finished-at="2020-12-20T07:01:49 IST">
          <reporter-output>
          </reporter-output>
        </test-method> <!-- setup -->
        <test-method status="FAIL" signature="gettitle()[pri:1, instance:com.qa.hubspot.tests.loginPageTest@654c1a54]" name="gettitle" duration-ms="233" started-at="2020-12-20T07:01:49 IST" finished-at="2020-12-20T07:01:49 IST">
          <exception class="java.lang.AssertionError">
            <message>
              <![CDATA[expected [Cogmento CRM1] but found [Cogmento CRM]]]>
            </message>
            <full-stacktrace>
              <![CDATA[java.lang.AssertionError: expected [Cogmento CRM1] but found [Cogmento CRM]
at org.testng.Assert.fail(Assert.java:97)
at org.testng.Assert.assertEqualsImpl(Assert.java:136)
at org.testng.Assert.assertEquals(Assert.java:118)
at org.testng.Assert.assertEquals(Assert.java:575)
at org.testng.Assert.assertEquals(Assert.java:585)
at com.qa.hubspot.tests.loginPageTest.gettitle(loginPageTest.java:27)
at sun.reflect.NativeMethodAccessorImpl.invoke0(Native Method)
at sun.reflect.NativeMethodAccessorImpl.invoke(NativeMethodAccessorImpl.java:62)
at sun.reflect.DelegatingMethodAccessorImpl.invoke(DelegatingMethodAccessorImpl.java:43)
at java.lang.reflect.Method.invoke(Method.java:498)
at org.testng.internal.MethodInvocationHelper.invokeMethod(MethodInvocationHelper.java:134)
at org.testng.internal.TestInvoker.invokeMethod(TestInvoker.java:597)
at org.testng.internal.TestInvoker.invokeTestMethod(TestInvoker.java:173)
at org.testng.internal.MethodRunner.runInSequence(MethodRunner.java:46)
at org.testng.internal.TestInvoker$MethodInvocationAgent.invoke(TestInvoker.java:816)
at org.testng.internal.TestInvoker.invokeTestMethods(TestInvoker.java:146)
at org.testng.internal.TestMethodWorker.invokeTestMethods(TestMethodWorker.java:146)
at org.testng.internal.TestMethodWorker.run(TestMethodWorker.java:128)
at java.util.ArrayList.forEach(ArrayList.java:1257)
at org.testng.TestRunner.privateRun(TestRunner.java:766)
at org.testng.TestRunner.run(TestRunner.java:587)
at org.testng.SuiteRunner.runTest(SuiteRunner.java:384)
at org.testng.SuiteRunner.access$000(SuiteRunner.java:28)
at org.testng.SuiteRunner$SuiteWorker.run(SuiteRunner.java:425)
at org.testng.internal.thread.ThreadUtil.lambda$execute$0(ThreadUtil.java:68)
at java.util.concurrent.FutureTask.run(FutureTask.java:266)
at java.util.concurrent.ThreadPoolExecutor.runWorker(ThreadPoolExecutor.java:1149)
at java.util.concurrent.ThreadPoolExecutor$Worker.run(ThreadPoolExecutor.java:624)
at java.lang.Thread.run(Thread.java:748)
]]>
            </full-stacktrace>
          </exception> <!-- java.lang.AssertionError -->
          <reporter-output>
          </reporter-output>
        </test-method> <!-- gettitle -->
        <test-method status="PASS" signature="checksignuplink()[pri:2, instance:com.qa.hubspot.tests.loginPageTest@654c1a54]" name="checksignuplink" duration-ms="9" started-at="2020-12-20T07:01:50 IST" finished-at="2020-12-20T07:01:50 IST">
          <reporter-output>
          </reporter-output>
        </test-method> <!-- checksignuplink -->
        <test-method status="PASS" signature="loginpagetest()[pri:3, instance:com.qa.hubspot.tests.loginPageTest@654c1a54]" name="loginpagetest" duration-ms="4488" started-at="2020-12-20T07:01:50 IST" finished-at="2020-12-20T07:01:54 IST">
          <reporter-output>
          </reporter-output>
        </test-method> <!-- loginpagetest -->
        <test-method status="PASS" signature="teardown()[pri:0, instance:com.qa.hubspot.tests.loginPageTest@654c1a54]" name="teardown" is-config="true" duration-ms="1040" started-at="2020-12-20T07:01:54 IST" finished-at="2020-12-20T07:01:55 IST">
          <reporter-output>
          </reporter-output>
        </test-method> <!-- teardown -->
      </class> <!-- com.qa.hubspot.tests.loginPageTest -->
    </test> <!-- Login Page Test -->
  </suite> <!-- Free CRM dummy framework -->
</testng-results>
